2024/10/09 00:48:35 [error] 18264#33116: *1 CreateFile() "C:\nginx/html/favicon.ico" failed (2: The system cannot find the file specified), client: 127.0.0.1, server: localhost, request: "GET /favicon.ico HTTP/1.1", host: "localhost", referrer: "http://localhost/"
2024/10/09 01:54:06 [notice] 22176#14812: signal process started
2024/10/09 02:30:19 [notice] 3704#32492: signal process started
2024/10/09 02:32:46 [notice] 13160#15428: signal process started
2024/10/09 02:34:34 [notice] 4744#10128: signal process started
2024/10/09 02:36:06 [notice] 18760#5644: signal process started
2024/10/09 02:37:45 [notice] 18920#20420: signal process started
2024/10/09 02:46:41 [notice] 14388#20244: signal process started
2024/10/09 15:32:13 [emerg] 11444#2300: cannot load certificate "C:/nginx/conf/secondsite.crt": BIO_new_file() failed (SSL: error:02001002:system library:fopen:No such file or directory:fopen('C:/nginx/conf/secondsite.crt','r') error:2006D080:BIO routines:BIO_new_file:no such file)
2024/10/09 15:36:19 [notice] 17660#18740: signal process started
2024/10/09 15:36:19 [error] 17660#18740: OpenEvent("Global\ngx_reload_30948") failed (2: The system cannot find the file specified)
2024/10/09 15:38:35 [notice] 14748#2540: signal process started
2024/10/09 15:38:40 [notice] 3116#20152: signal process started
2024/10/09 15:38:40 [error] 3116#20152: CreateFile() "C:\nginx/logs/nginx.pid" failed (2: The system cannot find the file specified)
2024/10/09 15:41:41 [notice] 15640#8080: signal process started
2024/10/09 15:41:41 [error] 15640#8080: CreateFile() "C:\nginx/logs/nginx.pid" failed (2: The system cannot find the file specified)
2024/10/09 15:42:07 [notice] 19976#13164: signal process started
2024/10/09 15:42:07 [error] 19976#13164: invalid PID number "" in "C:\nginx/logs/nginx.pid"
2024/10/09 15:43:36 [warn] 16184#12700: "user" is not supported, ignored in C:\nginx/conf/nginx.conf:1
2024/10/09 15:43:36 [notice] 16184#12700: signal process started
2024/10/09 15:43:36 [error] 16184#12700: invalid PID number "" in "C:\nginx/logs/nginx.pid"
2024/10/09 15:44:06 [warn] 19872#13532: "user" is not supported, ignored in C:\nginx/conf/nginx.conf:1
2024/10/09 15:44:06 [notice] 19872#13532: signal process started
2024/10/09 15:44:06 [error] 19872#13532: invalid PID number "" in "C:\nginx/logs/nginx.pid"
2024/10/09 15:44:16 [notice] 14088#12840: signal process started
2024/10/09 15:44:16 [error] 14088#12840: invalid PID number "" in "C:\nginx/logs/nginx.pid"
2024/10/09 15:45:46 [notice] 1576#18024: signal process started
2024/10/09 15:45:46 [error] 1576#18024: OpenEvent("Global\ngx_reload_1234") failed (2: The system cannot find the file specified)
2024/10/09 15:49:41 [notice] 8080#8656: signal process started
2024/10/09 15:49:41 [error] 8080#8656: CreateFile() "C:\nginx/logs/nginx.pid" failed (2: The system cannot find the file specified)
2024/10/09 16:38:06 [notice] 17952#19828: signal process started
2024/10/09 16:38:06 [error] 17952#19828: CreateFile() "C:\nginx/logs/nginx.pid" failed (2: The system cannot find the file specified)
2024/10/09 16:38:27 [notice] 19964#8380: signal process started
2024/10/09 16:38:27 [error] 19964#8380: invalid PID number "" in "C:\nginx/logs/nginx.pid"
2024/10/09 16:39:03 [notice] 13768#12952: signal process started
2024/10/09 16:39:03 [error] 13768#12952: CreateFile() "C:\nginx/logs/nginx.pid" failed (2: The system cannot find the file specified)
2024/10/09 16:51:03 [notice] 12768#20180: signal process started
2024/10/09 16:51:03 [error] 12768#20180: invalid PID number "" in "C:\nginx/logs/nginx.pid"
2024/10/09 16:59:03 [notice] 468#17544: signal process started
2024/10/09 16:59:03 [emerg] 20376#7188: "pid" directive is duplicate in C:/nginx/conf/nginx.conf:8
2024/10/09 17:01:16 [notice] 19208#14372: signal process started
2024/10/09 17:01:16 [emerg] 20376#7188: "pid" directive is duplicate in C:/nginx/conf/nginx.conf:8
2024/10/09 17:18:08 [notice] 16420#4600: signal process started
2024/10/09 17:18:08 [emerg] 20376#7188: "pid" directive is duplicate in C:/nginx/conf/nginx.conf:8
2024/10/09 17:23:06 [notice] 17972#9356: signal process started
2024/10/09 17:23:06 [emerg] 20376#7188: "pid" directive is duplicate in C:/nginx/conf/nginx.conf:8
2024/10/09 17:27:00 [notice] 8856#10804: signal process started
2024/10/09 17:27:00 [emerg] 20376#7188: "pid" directive is duplicate in C:/nginx/conf/nginx.conf:8
2024/10/09 17:37:03 [notice] 17356#9652: signal process started
2024/10/09 17:37:03 [emerg] 20376#7188: "pid" directive is duplicate in C:/nginx/conf/nginx.conf:8
2024/10/09 17:42:40 [warn] 9016#11492: conflicting server name "secondsite.com" on 0.0.0.0:443, ignored
2024/10/09 17:42:40 [warn] 9016#11492: conflicting server name "secondsite.com" on 0.0.0.0:80, ignored
2024/10/09 17:42:40 [notice] 9016#11492: signal process started
2024/10/09 17:42:40 [emerg] 20376#7188: "pid" directive is duplicate in C:/nginx/conf/nginx.conf:8
2024/10/09 17:43:34 [notice] 2664#17972: signal process started
2024/10/09 17:43:34 [emerg] 20376#7188: "pid" directive is duplicate in C:/nginx/conf/nginx.conf:8
2024/10/09 17:44:24 [notice] 6424#12712: signal process started
2024/10/09 17:44:24 [emerg] 20376#7188: "pid" directive is duplicate in C:/nginx/conf/nginx.conf:8
2024/10/09 18:02:43 [notice] 9984#19824: signal process started
2024/10/09 18:02:43 [emerg] 20376#7188: "pid" directive is duplicate in C:/nginx/conf/nginx.conf:8
2024/10/09 18:06:31 [notice] 6164#17292: signal process started
2024/10/09 18:12:24 [notice] 2024#2064: signal process started
2024/10/09 18:16:04 [notice] 8440#13848: signal process started
2024/10/09 18:17:06 [notice] 15612#17836: signal process started
